[debug] > Exec(early(addDefaultCommands), None, None)
[debug] > Exec(addDefaultCommands, None, None)
[debug] > Exec(early(initialize), None, None)
[debug] > Exec(initialize, None, None)
[debug] > Exec(early(addPluginSbtFile="""C:\Users\onsat\AppData\Local\Temp\idea2.sbt"""), None, None)
[debug] > Exec(addPluginSbtFile="""C:\Users\onsat\AppData\Local\Temp\idea2.sbt""", None, None)
[debug] > Exec(boot, None, None)
[debug] > Exec(writeSbtVersion, None, None)
[debug] > Exec(reload, None, None)
[debug] > Exec(sbtStashOnFailure, None, None)
[debug] > Exec(onFailure loadFailed, None, None)
[debug] > Exec(loadp, None, None)
[info] welcome to sbt 1.10.0 (Oracle Corporation Java 11.0.11)
[debug] Load.defaultLoad until apply took 63.2085ms
[debug]           Load.loadUnit: plugins took 60.8898ms
[debug]           Load.loadUnit: defsScala took 0.1969ms
[debug] [Loading] Scanning directory C:\Users\onsat\Desktop\fraud detection system\FrauddetectionProject\project
[debug]             Load.loadUnit: mkEval took 4.2297ms
[debug] [Loading] Found non-root projects 
[debug] [Loading] Done in C:\Users\onsat\Desktop\fraud detection system\FrauddetectionProject\project, returning: ()
[debug] deducing auto plugins based on known facts Set(Atom(sbt.plugins.CorePlugin)) and clauses Clauses(Clause(Atom(sbt.plugins.JvmPlugin),Set(Atom(sbt.plugins.IvyPlugin)))
[debug] Clause(Atom(sbt.ScriptedPlugin),Set(Atom(sbt.plugins.JvmPlugin)))
[debug] Clause(Atom(sbt.plugins.SbtPlugin),Set(Atom(sbt.ScriptedPlugin)))
[debug] Clause(Atom(sbt.plugins.SemanticdbPlugin),Set(Atom(sbt.plugins.JvmPlugin)))
[debug] Clause(Atom(sbt.plugins.JUnitXmlReportPlugin),Set(Atom(sbt.plugins.JvmPlugin)))
[debug] Clause(Atom(sbt.plugins.MiniDependencyTreePlugin),Set(Atom(sbt.plugins.JvmPlugin)))
[debug] Clause(Atom(sbt.plugins.CorePlugin),Set(Atom(sbt.plugins.IvyPlugin)))
[debug] Clause(Atom(sbt.plugins.IvyPlugin),Set(Atom(sbt.plugins.JvmPlugin)))
[debug] Clause(Atom(sbt.plugins.JvmPlugin),Set(Atom(sbt.plugins.SemanticdbPlugin)))
[debug] Clause(Atom(sbt.plugins.JvmPlugin),Set(Atom(sbt.plugins.JUnitXmlReportPlugin)))
[debug] Clause(Atom(sbt.plugins.CorePlugin),Set(Atom(sbt.plugins.Giter8TemplatePlugin)))
[debug] Clause(Atom(sbt.plugins.JvmPlugin),Set(Atom(sbt.plugins.MiniDependencyTreePlugin))))
[debug]   :: deduced result: Matched(sbt.plugins.CorePlugin,sbt.plugins.Giter8TemplatePlugin,sbt.plugins.IvyPlugin,sbt.plugins.JvmPlugin,sbt.plugins.MiniDependencyTreePlugin,sbt.plugins.JUnitXmlReportPlugin,sbt.plugins.SemanticdbPlugin)
[debug] Plugins.deducer#function took 15.2836 ms
[info] loading settings for project frauddetectionproject-build from plugins.sbt,idea2.sbt ...
[debug]               Load.resolveProject(frauddetectionproject-build) took 35.3291ms
[debug]             Load.loadTransitive: finalizeProject(Project(id frauddetectionproject-build, base: C:\Users\onsat\Desktop\fraud detection system\FrauddetectionProject\project, plugins: List(<none>))) took 58.9171ms
[debug] [Loading] Done in C:\Users\onsat\Desktop\fraud detection system\FrauddetectionProject\project, returning: (frauddetectionproject-build)
[debug]           Load.loadUnit: loadedProjectsRaw took 2113.933ms
[debug]           Load.loadUnit: cleanEvalClasses took 5.444ms
[debug]         Load.loadUnit(file:/C:/Users/onsat/Desktop/fraud%20detection%20system/FrauddetectionProject/project/, ...) took 2184.0752ms
[debug]       Load.apply: load took 2272.1173ms
[debug]       Load.apply: resolveProjects took 3.936ms
[debug]       Load.apply: finalTransforms took 45.4224ms
[debug]       Load.apply: config.delegates took 4.2143ms
[debug]       Load.apply: Def.make(settings)... took 310.4405ms
[debug]       Load.apply: structureIndex took 84.9063ms
[debug]       Load.apply: mkStreams took 1.3008ms
[info] loading project definition from C:\Users\onsat\Desktop\fraud detection system\FrauddetectionProject\project
[debug] Running task... Cancel: Signal, check cycles: false, forcegc: true
[debug]     Load.loadUnit: plugins took 4361.0056ms
[debug]     Load.loadUnit: defsScala took 0.0018ms
[debug] [Loading] Scanning directory C:\Users\onsat\Desktop\fraud detection system\FrauddetectionProject
[debug]       Load.loadUnit: mkEval took 0.177ms
[debug] [Loading] Found root project root w/ remaining 
[debug] deducing auto plugins based on known facts Set(Atom(sbt.plugins.CorePlugin)) and clauses Clauses(Clause(Atom(sbt.plugins.JvmPlugin),Set(Atom(sbt.plugins.IvyPlugin)))
[debug] Clause(Atom(sbt.ScriptedPlugin),Set(Atom(sbt.plugins.JvmPlugin)))
[debug] Clause(Atom(sbt.plugins.SbtPlugin),Set(Atom(sbt.ScriptedPlugin)))
[debug] Clause(Atom(sbt.plugins.SemanticdbPlugin),Set(Atom(sbt.plugins.JvmPlugin)))
[debug] Clause(Atom(sbt.plugins.JUnitXmlReportPlugin),Set(Atom(sbt.plugins.JvmPlugin)))
[debug] Clause(Atom(sbt.plugins.MiniDependencyTreePlugin),Set(Atom(sbt.plugins.JvmPlugin)))
[debug] Clause(Atom(sbtide.ConfigPlugin),Set(Atom(sbt.plugins.JvmPlugin)))
[debug] Clause(Atom(org.jetbrains.sbt.StructurePlugin),Set(Atom(sbt.plugins.JvmPlugin)))
[debug] Clause(Atom(org.jetbrains.sbt.IdeaShellPlugin),Set(Atom(sbt.plugins.JvmPlugin)))
[debug] Clause(Atom(org.jetbrains.sbt.indices.SbtIntellijIndicesPlugin),Set(Atom(sbt.plugins.JvmPlugin)))
[debug] Clause(Atom(sbt.plugins.CorePlugin),Set(Atom(sbt.plugins.IvyPlugin)))
[debug] Clause(Atom(sbt.plugins.IvyPlugin),Set(Atom(sbt.plugins.JvmPlugin)))
[debug] Clause(Atom(sbt.plugins.JvmPlugin),Set(Atom(sbt.plugins.SemanticdbPlugin)))
[debug] Clause(Atom(sbt.plugins.JvmPlugin),Set(Atom(sbt.plugins.JUnitXmlReportPlugin)))
[debug] Clause(Atom(sbt.plugins.CorePlugin),Set(Atom(sbt.plugins.Giter8TemplatePlugin)))
[debug] Clause(Atom(sbt.plugins.JvmPlugin),Set(Atom(sbt.plugins.MiniDependencyTreePlugin)))
[debug] Clause(Atom(sbt.plugins.JvmPlugin),Set(Atom(org.jetbrains.sbt.StructurePlugin)))
[debug] Clause(Atom(sbt.plugins.JvmPlugin),Set(Atom(org.jetbrains.sbt.IdeaShellPlugin)))
[debug] Clause(And(Set(Atom(sbt.plugins.CorePlugin), Atom(sbt.plugins.JvmPlugin))),Set(Atom(org.jetbrains.sbt.indices.SbtIntellijIndicesPlugin))))
[debug]   :: deduced result: Matched(sbt.plugins.CorePlugin,sbt.plugins.Giter8TemplatePlugin,sbt.plugins.IvyPlugin,sbt.plugins.JvmPlugin,sbt.plugins.SemanticdbPlugin,org.jetbrains.sbt.indices.SbtIntellijIndicesPlugin,sbt.plugins.JUnitXmlReportPlugin,org.jetbrains.sbt.IdeaShellPlugin,org.jetbrains.sbt.StructurePlugin,sbt.plugins.MiniDependencyTreePlugin)
[debug] Plugins.deducer#function took 1.9435 ms
[info] loading settings for project root from build.sbt ...
[debug]         Load.resolveProject(root) took 21.5807ms
[debug]       Load.loadTransitive: finalizeProject(Project(id root, base: C:\Users\onsat\Desktop\fraud detection system\FrauddetectionProject, plugins: List(<none>))) took 24.9024ms
[debug] [Loading] Done in C:\Users\onsat\Desktop\fraud detection system\FrauddetectionProject, returning: (root)
[debug]     Load.loadUnit: loadedProjectsRaw took 1065.7064ms
[debug]     Load.loadUnit: cleanEvalClasses took 6.0964ms
[debug]   Load.loadUnit(file:/C:/Users/onsat/Desktop/fraud%20detection%20system/FrauddetectionProject/, ...) took 5434.2368ms
[debug] Load.apply: load took 5449.2689ms
[debug] Load.apply: resolveProjects took 0.1572ms
[debug] Load.apply: finalTransforms took 31.6405ms
[debug] Load.apply: config.delegates took 0.4029ms
[debug] Load.apply: Def.make(settings)... took 75.5398ms
[debug] Load.apply: structureIndex took 27.701ms
[debug] Load.apply: mkStreams took 0.0028ms
[info] set current project to FrauddetectionProject (in build file:/C:/Users/onsat/Desktop/fraud%20detection%20system/FrauddetectionProject/)
[warn] there's a key that's not used by any other settings/tasks:
[warn]  
[warn] * root / idePackagePrefix
[warn]   +- C:\Users\onsat\Desktop\fraud detection system\FrauddetectionProject\build.sbt:8
[warn]  
[warn] note: a setting might still be used by a command; to exclude a key from this `lintUnused` check
[warn] either append it to `Global / excludeLintKeys` or call .withRank(KeyRanks.Invisible) on the key
[debug] > Exec(sbtPopOnFailure, None, None)
[debug] > Exec(resumeFromFailure, None, None)
[debug] > Exec(notifyUsersAboutShell, None, None)
[debug] > Exec(iflast shell, None, None)
[debug] > Exec(; set ideaPort in Global := 64476 ; idea-shell, None, None)
[debug] > Exec(set ideaPort in Global := 64476, None, None)
[info] Defining Global / ideaPort
[info] The new value will be used by Compile / compile, Test / compile
[debug] Defining 
[debug] 	Global / ideaPort
[debug] 
[debug] The new value will be used by 
[debug] 	Compile / compile
[debug] 	Test / compile
[info] Reapplying settings...
[info] set current project to FrauddetectionProject (in build file:/C:/Users/onsat/Desktop/fraud%20detection%20system/FrauddetectionProject/)
[debug] > Exec(idea-shell, None, None)
