[debug] > Exec(early(addDefaultCommands), None, None)
[debug] > Exec(addDefaultCommands, None, None)
[debug] > Exec(early(initialize), None, None)
[debug] > Exec(initialize, None, None)
[debug] > Exec(early(addPluginSbtFile="""C:\Users\onsat\AppData\Local\Temp\idea4.sbt"""), None, None)
[debug] > Exec(addPluginSbtFile="""C:\Users\onsat\AppData\Local\Temp\idea4.sbt""", None, None)
[debug] > Exec(boot, None, None)
[debug] > Exec(writeSbtVersion, None, None)
[debug] > Exec(reload, None, None)
[debug] > Exec(sbtStashOnFailure, None, None)
[debug] > Exec(onFailure loadFailed, None, None)
[debug] > Exec(loadp, None, None)
[info] welcome to sbt 1.10.0 (Oracle Corporation Java 11.0.11)
[debug] Load.defaultLoad until apply took 120.0483ms
[debug]           Load.loadUnit: plugins took 90.457ms
[debug]           Load.loadUnit: defsScala took 0.3421ms
[debug] [Loading] Scanning directory C:\Users\onsat\Desktop\fraud detection system\FrauddetectionProject\project
[debug]             Load.loadUnit: mkEval took 7.1369ms
[debug] [Loading] Found non-root projects 
[debug] [Loading] Done in C:\Users\onsat\Desktop\fraud detection system\FrauddetectionProject\project, returning: ()
[debug] deducing auto plugins based on known facts Set(Atom(sbt.plugins.CorePlugin)) and clauses Clauses(Clause(Atom(sbt.plugins.JvmPlugin),Set(Atom(sbt.plugins.IvyPlugin)))
[debug] Clause(Atom(sbt.ScriptedPlugin),Set(Atom(sbt.plugins.JvmPlugin)))
[debug] Clause(Atom(sbt.plugins.SbtPlugin),Set(Atom(sbt.ScriptedPlugin)))
[debug] Clause(Atom(sbt.plugins.SemanticdbPlugin),Set(Atom(sbt.plugins.JvmPlugin)))
[debug] Clause(Atom(sbt.plugins.JUnitXmlReportPlugin),Set(Atom(sbt.plugins.JvmPlugin)))
[debug] Clause(Atom(sbt.plugins.MiniDependencyTreePlugin),Set(Atom(sbt.plugins.JvmPlugin)))
[debug] Clause(Atom(sbt.plugins.CorePlugin),Set(Atom(sbt.plugins.IvyPlugin)))
[debug] Clause(Atom(sbt.plugins.IvyPlugin),Set(Atom(sbt.plugins.JvmPlugin)))
[debug] Clause(Atom(sbt.plugins.JvmPlugin),Set(Atom(sbt.plugins.SemanticdbPlugin)))
[debug] Clause(Atom(sbt.plugins.JvmPlugin),Set(Atom(sbt.plugins.JUnitXmlReportPlugin)))
[debug] Clause(Atom(sbt.plugins.CorePlugin),Set(Atom(sbt.plugins.Giter8TemplatePlugin)))
[debug] Clause(Atom(sbt.plugins.JvmPlugin),Set(Atom(sbt.plugins.MiniDependencyTreePlugin))))
[debug]   :: deduced result: Matched(sbt.plugins.CorePlugin,sbt.plugins.Giter8TemplatePlugin,sbt.plugins.IvyPlugin,sbt.plugins.JvmPlugin,sbt.plugins.MiniDependencyTreePlugin,sbt.plugins.JUnitXmlReportPlugin,sbt.plugins.SemanticdbPlugin)
[debug] Plugins.deducer#function took 14.3364 ms
[info] loading settings for project frauddetectionproject-build from plugins.sbt,idea4.sbt ...
[debug]               Load.resolveProject(frauddetectionproject-build) took 38.9642ms
[debug]             Load.loadTransitive: finalizeProject(Project(id frauddetectionproject-build, base: C:\Users\onsat\Desktop\fraud detection system\FrauddetectionProject\project, plugins: List(<none>))) took 76.0524ms
[debug] [Loading] Done in C:\Users\onsat\Desktop\fraud detection system\FrauddetectionProject\project, returning: (frauddetectionproject-build)
[debug]           Load.loadUnit: loadedProjectsRaw took 285.8797ms
[debug]           Load.loadUnit: cleanEvalClasses took 6.7767ms
[debug]         Load.loadUnit(file:/C:/Users/onsat/Desktop/fraud%20detection%20system/FrauddetectionProject/project/, ...) took 388.8277ms
[debug]       Load.apply: load took 496.6574ms
[debug]       Load.apply: resolveProjects took 4.6632ms
[debug]       Load.apply: finalTransforms took 55.8987ms
[debug]       Load.apply: config.delegates took 7.3888ms
[debug]       Load.apply: Def.make(settings)... took 357.775ms
[debug]       Load.apply: structureIndex took 90.1963ms
[debug]       Load.apply: mkStreams took 2.0895ms
[info] loading project definition from C:\Users\onsat\Desktop\fraud detection system\FrauddetectionProject\project
[debug] Running task... Cancel: Signal, check cycles: false, forcegc: true
[debug]     Load.loadUnit: plugins took 1856.8768ms
[debug]     Load.loadUnit: defsScala took 0.0025ms
[debug] [Loading] Scanning directory C:\Users\onsat\Desktop\fraud detection system\FrauddetectionProject
[debug]       Load.loadUnit: mkEval took 0.2111ms
[debug] [Loading] Found root project root w/ remaining 
[debug] deducing auto plugins based on known facts Set(Atom(sbt.plugins.CorePlugin)) and clauses Clauses(Clause(Atom(sbt.plugins.JvmPlugin),Set(Atom(sbt.plugins.IvyPlugin)))
[debug] Clause(Atom(sbt.ScriptedPlugin),Set(Atom(sbt.plugins.JvmPlugin)))
[debug] Clause(Atom(sbt.plugins.SbtPlugin),Set(Atom(sbt.ScriptedPlugin)))
[debug] Clause(Atom(sbt.plugins.SemanticdbPlugin),Set(Atom(sbt.plugins.JvmPlugin)))
[debug] Clause(Atom(sbt.plugins.JUnitXmlReportPlugin),Set(Atom(sbt.plugins.JvmPlugin)))
[debug] Clause(Atom(sbt.plugins.MiniDependencyTreePlugin),Set(Atom(sbt.plugins.JvmPlugin)))
[debug] Clause(Atom(sbtide.ConfigPlugin),Set(Atom(sbt.plugins.JvmPlugin)))
[debug] Clause(Atom(org.jetbrains.sbt.StructurePlugin),Set(Atom(sbt.plugins.JvmPlugin)))
[debug] Clause(Atom(org.jetbrains.sbt.IdeaShellPlugin),Set(Atom(sbt.plugins.JvmPlugin)))
[debug] Clause(Atom(org.jetbrains.sbt.indices.SbtIntellijIndicesPlugin),Set(Atom(sbt.plugins.JvmPlugin)))
[debug] Clause(Atom(sbt.plugins.CorePlugin),Set(Atom(sbt.plugins.IvyPlugin)))
[debug] Clause(Atom(sbt.plugins.IvyPlugin),Set(Atom(sbt.plugins.JvmPlugin)))
[debug] Clause(Atom(sbt.plugins.JvmPlugin),Set(Atom(sbt.plugins.SemanticdbPlugin)))
[debug] Clause(Atom(sbt.plugins.JvmPlugin),Set(Atom(sbt.plugins.JUnitXmlReportPlugin)))
[debug] Clause(Atom(sbt.plugins.CorePlugin),Set(Atom(sbt.plugins.Giter8TemplatePlugin)))
[debug] Clause(Atom(sbt.plugins.JvmPlugin),Set(Atom(sbt.plugins.MiniDependencyTreePlugin)))
[debug] Clause(Atom(sbt.plugins.JvmPlugin),Set(Atom(org.jetbrains.sbt.StructurePlugin)))
[debug] Clause(Atom(sbt.plugins.JvmPlugin),Set(Atom(org.jetbrains.sbt.IdeaShellPlugin)))
[debug] Clause(And(Set(Atom(sbt.plugins.CorePlugin), Atom(sbt.plugins.JvmPlugin))),Set(Atom(org.jetbrains.sbt.indices.SbtIntellijIndicesPlugin))))
[debug]   :: deduced result: Matched(sbt.plugins.CorePlugin,sbt.plugins.Giter8TemplatePlugin,sbt.plugins.IvyPlugin,sbt.plugins.JvmPlugin,sbt.plugins.SemanticdbPlugin,org.jetbrains.sbt.indices.SbtIntellijIndicesPlugin,sbt.plugins.JUnitXmlReportPlugin,org.jetbrains.sbt.IdeaShellPlugin,org.jetbrains.sbt.StructurePlugin,sbt.plugins.MiniDependencyTreePlugin)
[debug] Plugins.deducer#function took 2.4881 ms
[info] loading settings for project root from build.sbt ...
[debug]         Load.resolveProject(root) took 23.6011ms
[debug]       Load.loadTransitive: finalizeProject(Project(id root, base: C:\Users\onsat\Desktop\fraud detection system\FrauddetectionProject, plugins: List(<none>))) took 27.7976ms
[debug] [Loading] Done in C:\Users\onsat\Desktop\fraud detection system\FrauddetectionProject, returning: (root)
[debug]     Load.loadUnit: loadedProjectsRaw took 80.5371ms
[debug]     Load.loadUnit: cleanEvalClasses took 2.61ms
[debug]   Load.loadUnit(file:/C:/Users/onsat/Desktop/fraud%20detection%20system/FrauddetectionProject/, ...) took 1941.2165ms
[debug] Load.apply: load took 1962.1349ms
[debug] Load.apply: resolveProjects took 0.642ms
[debug] Load.apply: finalTransforms took 37.0723ms
[debug] Load.apply: config.delegates took 0.8291ms
[debug] Load.apply: Def.make(settings)... took 102.8297ms
[debug] Load.apply: structureIndex took 31.4991ms
[debug] Load.apply: mkStreams took 0.0039ms
[info] set current project to FrauddetectionProject (in build file:/C:/Users/onsat/Desktop/fraud%20detection%20system/FrauddetectionProject/)
[warn] there's a key that's not used by any other settings/tasks:
[warn]  
[warn] * root / idePackagePrefix
[warn]   +- C:\Users\onsat\Desktop\fraud detection system\FrauddetectionProject\build.sbt:8
[warn]  
[warn] note: a setting might still be used by a command; to exclude a key from this `lintUnused` check
[warn] either append it to `Global / excludeLintKeys` or call .withRank(KeyRanks.Invisible) on the key
[debug] > Exec(sbtPopOnFailure, None, None)
[debug] > Exec(resumeFromFailure, None, None)
[debug] > Exec(notifyUsersAboutShell, None, None)
[debug] > Exec(iflast shell, None, None)
[debug] > Exec(; set ideaPort in Global := 52433 ; idea-shell, None, None)
[debug] > Exec(set ideaPort in Global := 52433, None, None)
[info] Defining Global / ideaPort
[info] The new value will be used by Compile / compile, Test / compile
[debug] Defining 
[debug] 	Global / ideaPort
[debug] 
[debug] The new value will be used by 
[debug] 	Compile / compile
[debug] 	Test / compile
[info] Reapplying settings...
[info] set current project to FrauddetectionProject (in build file:/C:/Users/onsat/Desktop/fraud%20detection%20system/FrauddetectionProject/)
[debug] > Exec(idea-shell, None, None)
